INFO: 2025/06/23 12:30:51 logs.go:58: Hashing password:"Pa$$w0rd!"
got: "$2a$10$AuYZVxYOwMg13HNdZLQ6ZuLpOPJuECWnJTnOZQvXfuBqEIv5EZW5m"
INFO: 2025/06/23 12:30:53 logs.go:58: Hashing password:"Pa$$w0rd!"
got: "$2a$10$lCtcdI.RZO3rAqab9SHsH.ehwtW5yJx0j2EHG.5bI/IPcymWm8Ym2"
INFO: 2025/06/23 12:30:53 logs.go:54: Error inserting user into database: UNIQUE constraint failed: profile.display_name
INFO: 2025/06/23 12:32:25 logs.go:54: Database successfully created!
INFO: 2025/06/23 13:13:52 logs.go:54: Database successfully created!
INFO: 2025/06/23 13:15:25 logs.go:54: Login failed for user: d
INFO: 2025/06/23 14:26:14 logs.go:54: Database successfully created!
INFO: 2025/06/23 15:06:56 logs.go:54: Database successfully created!
INFO: 2025/06/23 15:12:50 logs.go:54: Database successfully created!
INFO: 2025/06/23 15:15:36 logs.go:54: Database successfully created!
INFO: 2025/06/23 15:16:48 logs.go:54: Database successfully created!
INFO: 2025/06/23 15:18:06 logs.go:54: Validation failed for user input
INFO: 2025/06/23 15:27:44 logs.go:54: Database successfully created!
INFO: 2025/06/23 15:28:22 logs.go:54: Login failed for user: dfg
INFO: 2025/06/23 15:28:32 logs.go:54: Login failed for user: dfg
INFO: 2025/06/23 15:28:37 logs.go:54: Login failed for user: dfg
INFO: 2025/06/23 15:29:03 logs.go:54: Login failed for user: dfg
INFO: 2025/06/23 15:29:04 logs.go:54: Login failed for user: dfg
INFO: 2025/06/23 15:29:13 logs.go:54: Validation failed for user input
INFO: 2025/06/23 15:29:27 logs.go:54: Validation failed for user input
INFO: 2025/06/23 15:30:22 logs.go:54: Validation failed for user input
INFO: 2025/06/23 15:30:34 logs.go:58: Hashing password:"Pa$$w0rd!"
got: "$2a$10$Ygg3hWYCItIevnstltmJeuFW93BGxBO6o0S84ido3oSlaLj0UtrS6"
INFO: 2025/06/23 15:30:42 logs.go:58: Hashing password:"Pa$$w0rd!"
got: "$2a$10$o7q.dO/zkPNLsi3OawbwDOBDpIta6for7XssDi.sGEj78oXRwaAfS"
INFO: 2025/06/23 15:30:42 logs.go:54: Error inserting user into database: UNIQUE constraint failed: profile.display_name
INFO: 2025/06/23 15:30:55 logs.go:54: Password comparison succeeded
INFO: 2025/06/23 15:41:02 logs.go:54: Validation failed for user input
INFO: 2025/06/23 15:41:11 logs.go:54: Validation failed for user input
INFO: 2025/06/23 15:41:17 logs.go:54: Validation failed for user input
INFO: 2025/06/23 15:41:20 logs.go:54: Validation failed for user input
INFO: 2025/06/23 15:41:22 logs.go:54: Validation failed for user input
INFO: 2025/06/23 15:41:23 logs.go:54: Validation failed for user input
INFO: 2025/06/23 15:41:23 logs.go:54: Validation failed for user input
INFO: 2025/06/23 15:46:50 logs.go:58: Hashing password:"Pa$$w0rd!"
got: "$2a$10$w2WTrL5Ay5JIo4CqhldHLOIZNrI9jbty0J47sAzwpIneg12CpRJli"
INFO: 2025/06/23 15:46:59 logs.go:54: Password comparison succeeded
INFO: 2025/06/23 17:12:47 logs.go:54: Database successfully created!
INFO: 2025/06/23 17:13:32 logs.go:54: Password comparison succeeded
INFO: 2025/06/23 17:14:17 logs.go:54: Database successfully created!
INFO: 2025/06/23 17:23:05 logs.go:54: Database successfully created!
INFO: 2025/06/23 17:25:32 logs.go:54: Password comparison succeeded
INFO: 2025/06/23 18:00:02 logs.go:58: Hashing password:"Pa$$w0rd!"
got: "$2a$10$hUKe1BcPPbOluOX3TNyWBu4AfZq5.5JrT2QfsulxLU4KLX.T2ggCu"
